2022-08-26 11:06:27,227 INFO org.springframework.boot.StartupInfoLogger [restartedMain] Starting BankingApplication using Java 1.8.0_341 on 197NODMB41169.local with PID 34250 (/Users/rohitsangwan/Desktop/Banking-Service/banking-service/banking/build/classes/java/main started by rohitsangwan in /Users/rohitsangwan/Desktop/Banking-Service/banking-service/banking)
2022-08-26 11:06:27,235 DEBUG org.springframework.boot.StartupInfoLogger [restartedMain] Running with Spring Boot v2.7.3, Spring v5.3.22
2022-08-26 11:06:27,236 INFO org.springframework.boot.SpringApplication [restartedMain] No active profile set, falling back to 1 default profile: "default"
2022-08-26 11:06:36,172 INFO org.springframework.boot.StartupInfoLogger [restartedMain] Started BankingApplication in 9.559 seconds (JVM running for 10.421)
2022-08-26 11:07:19,254 INFO org.springframework.boot.StartupInfoLogger [restartedMain] Starting BankingApplication using Java 1.8.0_341 on 197NODMB41169.local with PID 34921 (/Users/rohitsangwan/Desktop/Banking-Service/banking-service/banking/build/classes/java/main started by rohitsangwan in /Users/rohitsangwan/Desktop/Banking-Service/banking-service/banking)
2022-08-26 11:07:19,261 DEBUG org.springframework.boot.StartupInfoLogger [restartedMain] Running with Spring Boot v2.7.3, Spring v5.3.22
2022-08-26 11:07:19,262 INFO org.springframework.boot.SpringApplication [restartedMain] No active profile set, falling back to 1 default profile: "default"
2022-08-26 11:07:27,472 INFO org.springframework.boot.StartupInfoLogger [restartedMain] Started BankingApplication in 8.859 seconds (JVM running for 9.726)
2022-08-26 12:06:47,022 INFO org.springframework.boot.StartupInfoLogger [restartedMain] Starting BankingApplication using Java 1.8.0_341 on 197NODMB41169.local with PID 90194 (/Users/rohitsangwan/Desktop/Banking-Service/banking-service/banking/build/classes/java/main started by rohitsangwan in /Users/rohitsangwan/Desktop/Banking-Service/banking-service/banking)
2022-08-26 12:06:47,031 DEBUG org.springframework.boot.StartupInfoLogger [restartedMain] Running with Spring Boot v2.7.3, Spring v5.3.22
2022-08-26 12:06:47,032 INFO org.springframework.boot.SpringApplication [restartedMain] No active profile set, falling back to 1 default profile: "default"
2022-08-26 12:06:55,378 INFO org.springframework.boot.StartupInfoLogger [restartedMain] Started BankingApplication in 9.02 seconds (JVM running for 9.952)
2022-08-26 12:07:08,598 INFO com.bankingservice.banking.controller.AccountController [http-nio-9191-exec-1] [registerUser] user registration started
2022-08-26 12:07:08,600 INFO com.bankingservice.banking.services.AccountService [http-nio-9191-exec-1] [insertDetailsForRegistration] Registering a new user: RegisterRequestDTO(name=leo, email=leo@gmail.com, mobileNumber=123456, userName=leoemes, password=leo@098)
2022-08-26 12:07:08,600 INFO com.bankingservice.banking.services.servicehelper.AccountServiceHelper [http-nio-9191-exec-1] [makeRegisterEntity] converting registerRequestDTO RegisterRequestDTO(name=leo, email=leo@gmail.com, mobileNumber=123456, userName=leoemes, password=leo@098) to registerUserModel
2022-08-26 12:07:08,630 INFO com.bankingservice.banking.services.servicehelper.AccountServiceHelper [http-nio-9191-exec-1] [saveRegisterModel] saving the registration details for user: RegisterUserModel(id=null, name=leo, email=leo@gmail.com, mobileNumber=123456, userName=leoemes, password=leo@098, userId=REG1057721440, userOnBoardModel=null)
2022-08-26 12:07:08,753 INFO com.bankingservice.banking.services.servicehelper.AccountServiceHelper [http-nio-9191-exec-1] [saveRegisterModel] registration details saved for user: RegisterUserModel(id=1, name=leo, email=leo@gmail.com, mobileNumber=123456, userName=leoemes, password=leo@098, userId=REG1057721440, userOnBoardModel=null)
2022-08-26 12:07:08,755 INFO com.bankingservice.banking.services.servicehelper.AccountServiceHelper [http-nio-9191-exec-1] [makeRegisterUserResponseDTO] converting registerUserModel RegisterUserModel(id=1, name=leo, email=leo@gmail.com, mobileNumber=123456, userName=leoemes, password=leo@098, userId=REG1057721440, userOnBoardModel=null) to registerUserResponseDTO
2022-08-26 12:07:08,774 INFO com.bankingservice.banking.controller.AccountController [http-nio-9191-exec-1] [registerUser] user successfully registered
2022-08-26 12:07:12,681 INFO com.bankingservice.banking.controller.AccountController [http-nio-9191-exec-3] [onBoardUser] user on boarding started
2022-08-26 12:07:12,681 INFO com.bankingservice.banking.services.AccountService [http-nio-9191-exec-3] [insertDetailsForOnBoarding] On boarding a user: OnBoardRequestDTO(age=22, aadhaarNumber=543222601171, address=P-14/4, gender=MALE, accountType=CURRENT, userId=REG20519411350)
2022-08-26 12:07:12,682 INFO com.bankingservice.banking.services.servicehelper.AccountServiceHelper [http-nio-9191-exec-3] [makeOnBoardingEntity] converting onBoardRequestDTO OnBoardRequestDTO(age=22, aadhaarNumber=543222601171, address=P-14/4, gender=MALE, accountType=CURRENT, userId=REG20519411350) to userOnBoardModel
2022-08-26 12:07:12,853 ERROR com.bankingservice.banking.services.servicehelper.AccountServiceHelper [http-nio-9191-exec-3] [makeOnBoardingEntity] user does not exist for userId: REG20519411350
2022-08-26 12:07:12,862 ERROR com.bankingservice.banking.exception.ApplicationExceptionHandler [http-nio-9191-exec-3] UserIdNotFoundException: [Ljava.lang.StackTraceElement;@e707e2e
