2022-08-26 11:06:27,227 INFO org.springframework.boot.StartupInfoLogger [restartedMain] Starting BankingApplication using Java 1.8.0_341 on 197NODMB41169.local with PID 34250 (/Users/rohitsangwan/Desktop/Banking-Service/banking-service/banking/build/classes/java/main started by rohitsangwan in /Users/rohitsangwan/Desktop/Banking-Service/banking-service/banking)
2022-08-26 11:06:27,235 DEBUG org.springframework.boot.StartupInfoLogger [restartedMain] Running with Spring Boot v2.7.3, Spring v5.3.22
2022-08-26 11:06:27,236 INFO org.springframework.boot.SpringApplication [restartedMain] No active profile set, falling back to 1 default profile: "default"
2022-08-26 11:06:36,172 INFO org.springframework.boot.StartupInfoLogger [restartedMain] Started BankingApplication in 9.559 seconds (JVM running for 10.421)
2022-08-26 11:07:19,254 INFO org.springframework.boot.StartupInfoLogger [restartedMain] Starting BankingApplication using Java 1.8.0_341 on 197NODMB41169.local with PID 34921 (/Users/rohitsangwan/Desktop/Banking-Service/banking-service/banking/build/classes/java/main started by rohitsangwan in /Users/rohitsangwan/Desktop/Banking-Service/banking-service/banking)
2022-08-26 11:07:19,261 DEBUG org.springframework.boot.StartupInfoLogger [restartedMain] Running with Spring Boot v2.7.3, Spring v5.3.22
2022-08-26 11:07:19,262 INFO org.springframework.boot.SpringApplication [restartedMain] No active profile set, falling back to 1 default profile: "default"
2022-08-26 11:07:27,472 INFO org.springframework.boot.StartupInfoLogger [restartedMain] Started BankingApplication in 8.859 seconds (JVM running for 9.726)
2022-08-26 12:06:47,022 INFO org.springframework.boot.StartupInfoLogger [restartedMain] Starting BankingApplication using Java 1.8.0_341 on 197NODMB41169.local with PID 90194 (/Users/rohitsangwan/Desktop/Banking-Service/banking-service/banking/build/classes/java/main started by rohitsangwan in /Users/rohitsangwan/Desktop/Banking-Service/banking-service/banking)
2022-08-26 12:06:47,031 DEBUG org.springframework.boot.StartupInfoLogger [restartedMain] Running with Spring Boot v2.7.3, Spring v5.3.22
2022-08-26 12:06:47,032 INFO org.springframework.boot.SpringApplication [restartedMain] No active profile set, falling back to 1 default profile: "default"
2022-08-26 12:06:55,378 INFO org.springframework.boot.StartupInfoLogger [restartedMain] Started BankingApplication in 9.02 seconds (JVM running for 9.952)
2022-08-26 12:07:08,598 INFO com.bankingservice.banking.controller.AccountController [http-nio-9191-exec-1] [registerUser] user registration started
2022-08-26 12:07:08,600 INFO com.bankingservice.banking.services.AccountService [http-nio-9191-exec-1] [insertDetailsForRegistration] Registering a new user: RegisterRequestDTO(name=leo, email=leo@gmail.com, mobileNumber=123456, userName=leoemes, password=leo@098)
2022-08-26 12:07:08,600 INFO com.bankingservice.banking.services.servicehelper.AccountServiceHelper [http-nio-9191-exec-1] [makeRegisterEntity] converting registerRequestDTO RegisterRequestDTO(name=leo, email=leo@gmail.com, mobileNumber=123456, userName=leoemes, password=leo@098) to registerUserModel
2022-08-26 12:07:08,630 INFO com.bankingservice.banking.services.servicehelper.AccountServiceHelper [http-nio-9191-exec-1] [saveRegisterModel] saving the registration details for user: RegisterUserModel(id=null, name=leo, email=leo@gmail.com, mobileNumber=123456, userName=leoemes, password=leo@098, userId=REG1057721440, userOnBoardModel=null)
2022-08-26 12:07:08,753 INFO com.bankingservice.banking.services.servicehelper.AccountServiceHelper [http-nio-9191-exec-1] [saveRegisterModel] registration details saved for user: RegisterUserModel(id=1, name=leo, email=leo@gmail.com, mobileNumber=123456, userName=leoemes, password=leo@098, userId=REG1057721440, userOnBoardModel=null)
2022-08-26 12:07:08,755 INFO com.bankingservice.banking.services.servicehelper.AccountServiceHelper [http-nio-9191-exec-1] [makeRegisterUserResponseDTO] converting registerUserModel RegisterUserModel(id=1, name=leo, email=leo@gmail.com, mobileNumber=123456, userName=leoemes, password=leo@098, userId=REG1057721440, userOnBoardModel=null) to registerUserResponseDTO
2022-08-26 12:07:08,774 INFO com.bankingservice.banking.controller.AccountController [http-nio-9191-exec-1] [registerUser] user successfully registered
2022-08-26 12:07:12,681 INFO com.bankingservice.banking.controller.AccountController [http-nio-9191-exec-3] [onBoardUser] user on boarding started
2022-08-26 12:07:12,681 INFO com.bankingservice.banking.services.AccountService [http-nio-9191-exec-3] [insertDetailsForOnBoarding] On boarding a user: OnBoardRequestDTO(age=22, aadhaarNumber=543222601171, address=P-14/4, gender=MALE, accountType=CURRENT, userId=REG20519411350)
2022-08-26 12:07:12,682 INFO com.bankingservice.banking.services.servicehelper.AccountServiceHelper [http-nio-9191-exec-3] [makeOnBoardingEntity] converting onBoardRequestDTO OnBoardRequestDTO(age=22, aadhaarNumber=543222601171, address=P-14/4, gender=MALE, accountType=CURRENT, userId=REG20519411350) to userOnBoardModel
2022-08-26 12:07:12,853 ERROR com.bankingservice.banking.services.servicehelper.AccountServiceHelper [http-nio-9191-exec-3] [makeOnBoardingEntity] user does not exist for userId: REG20519411350
2022-08-26 12:07:12,862 ERROR com.bankingservice.banking.exception.ApplicationExceptionHandler [http-nio-9191-exec-3] UserIdNotFoundException: [Ljava.lang.StackTraceElement;@e707e2e
2022-08-26 13:42:12,426 INFO org.springframework.boot.StartupInfoLogger [restartedMain] Starting BankingApplication using Java 1.8.0_341 on 197NODMB41169.local with PID 59675 (/Users/rohitsangwan/Desktop/Banking-Service/banking-service/banking/build/classes/java/main started by rohitsangwan in /Users/rohitsangwan/Desktop/Banking-Service/banking-service/banking)
2022-08-26 13:42:12,430 DEBUG org.springframework.boot.StartupInfoLogger [restartedMain] Running with Spring Boot v2.7.3, Spring v5.3.22
2022-08-26 13:42:12,431 INFO org.springframework.boot.SpringApplication [restartedMain] No active profile set, falling back to 1 default profile: "default"
2022-08-26 13:42:21,067 INFO org.springframework.boot.StartupInfoLogger [restartedMain] Started BankingApplication in 9.526 seconds (JVM running for 10.539)
2022-08-26 18:19:05,820 INFO org.springframework.boot.StartupInfoLogger [restartedMain] Starting BankingApplication using Java 1.8.0_341 on 197NODMB41169.local with PID 20147 (/Users/rohitsangwan/Desktop/Banking-Service/banking-service/banking/build/classes/java/main started by rohitsangwan in /Users/rohitsangwan/Desktop/Banking-Service/banking-service/banking)
2022-08-26 18:19:05,828 DEBUG org.springframework.boot.StartupInfoLogger [restartedMain] Running with Spring Boot v2.7.3, Spring v5.3.22
2022-08-26 18:19:05,840 INFO org.springframework.boot.SpringApplication [restartedMain] No active profile set, falling back to 1 default profile: "default"
2022-08-26 18:19:14,704 INFO org.springframework.boot.StartupInfoLogger [restartedMain] Started BankingApplication in 29.703 seconds (JVM running for 30.552)
2022-08-26 18:31:33,007 INFO org.springframework.boot.StartupInfoLogger [restartedMain] Starting BankingApplication using Java 1.8.0_341 on 197NODMB41169.local with PID 29328 (/Users/rohitsangwan/Desktop/Banking-Service/banking-service/banking/build/classes/java/main started by rohitsangwan in /Users/rohitsangwan/Desktop/Banking-Service/banking-service/banking)
2022-08-26 18:31:33,012 DEBUG org.springframework.boot.StartupInfoLogger [restartedMain] Running with Spring Boot v2.7.3, Spring v5.3.22
2022-08-26 18:31:33,018 INFO org.springframework.boot.SpringApplication [restartedMain] No active profile set, falling back to 1 default profile: "default"
2022-08-26 18:31:41,343 INFO org.springframework.boot.StartupInfoLogger [restartedMain] Started BankingApplication in 29.092 seconds (JVM running for 30.019)
2022-08-26 18:32:35,281 INFO org.springframework.boot.StartupInfoLogger [restartedMain] Starting BankingApplication using Java 1.8.0_341 on 197NODMB41169.local with PID 30322 (/Users/rohitsangwan/Desktop/Banking-Service/banking-service/banking/build/classes/java/main started by rohitsangwan in /Users/rohitsangwan/Desktop/Banking-Service/banking-service/banking)
2022-08-26 18:32:35,284 DEBUG org.springframework.boot.StartupInfoLogger [restartedMain] Running with Spring Boot v2.7.3, Spring v5.3.22
2022-08-26 18:32:35,290 INFO org.springframework.boot.SpringApplication [restartedMain] No active profile set, falling back to 1 default profile: "default"
2022-08-26 18:32:43,227 INFO org.springframework.boot.StartupInfoLogger [restartedMain] Started BankingApplication in 28.691 seconds (JVM running for 29.491)
2022-08-26 18:32:46,807 INFO com.bankingservice.banking.controller.AccountController [http-nio-9191-exec-2] [healthCheck] heal
2022-08-26 18:38:08,388 INFO com.bankingservice.banking.controller.AccountController [http-nio-9191-exec-4] [healthCheck] heal
2022-08-26 18:38:47,473 INFO org.springframework.boot.StartupInfoLogger [restartedMain] Starting BankingApplication using Java 1.8.0_341 on 197NODMB41169.local with PID 34943 (/Users/rohitsangwan/Desktop/Banking-Service/banking-service/banking/build/classes/java/main started by rohitsangwan in /Users/rohitsangwan/Desktop/Banking-Service/banking-service/banking)
2022-08-26 18:38:47,476 DEBUG org.springframework.boot.StartupInfoLogger [restartedMain] Running with Spring Boot v2.7.3, Spring v5.3.22
2022-08-26 18:38:47,480 INFO org.springframework.boot.SpringApplication [restartedMain] No active profile set, falling back to 1 default profile: "default"
2022-08-26 18:38:55,512 INFO org.springframework.boot.StartupInfoLogger [restartedMain] Started BankingApplication in 28.821 seconds (JVM running for 29.666)
